<?xml version="1.0" encoding="UTF-8"?>
<testng-results ignored="0" total="1" passed="0" failed="1" skipped="0">
  <reporter-output>
  </reporter-output>
  <suite started-at="2020-10-15T18:22:50 IST" name="Default suite" finished-at="2020-10-15T18:24:25 IST" duration-ms="95229">
    <groups>
    </groups>
    <test started-at="2020-10-15T18:22:50 IST" name="Default test" finished-at="2020-10-15T18:24:25 IST" duration-ms="95229">
      <class name="solar_Battery_Charger.SolarBatteryCharger">
        <test-method is-config="true" signature="setup()[pri:0, instance:solar_Battery_Charger.SolarBatteryCharger@3738449f]" started-at="2020-10-15T18:22:50 IST" name="setup" finished-at="2020-10-15T18:23:12 IST" duration-ms="22186" status="PASS">
          <reporter-output>
          </reporter-output>
        </test-method> <!-- setup -->
        <test-method signature="configTest(java.lang.String, java.lang.String, java.lang.String, java.lang.String)[pri:0, instance:solar_Battery_Charger.SolarBatteryCharger@3738449f]" started-at="2020-10-15T18:23:12 IST" name="configTest" data-provider="ConfigData" finished-at="2020-10-15T18:24:25 IST" duration-ms="72262" status="FAIL">
          <params>
            <param index="0">
              <value>
                <![CDATA[21 V]]>
              </value>
            </param>
            <param index="1">
              <value>
                <![CDATA[3 A]]>
              </value>
            </param>
            <param index="2">
              <value>
                <![CDATA[100 %]]>
              </value>
            </param>
            <param index="3">
              <value>
                <![CDATA[322]]>
              </value>
            </param>
          </params>
          <exception class="java.lang.RuntimeException">
            <message>
              <![CDATA[After configure waited 60sec for top bar to show Ready]]>
            </message>
            <full-stacktrace>
              <![CDATA[java.lang.RuntimeException: After configure waited 60sec for top bar to show Ready
at solar_Battery_Charger.SolarBatteryCharger.configTest(SolarBatteryCharger.java:295)
at java.base/jdk.internal.reflect.NativeMethodAccessorImpl.invoke0(Native Method)
at java.base/jdk.internal.reflect.NativeMethodAccessorImpl.invoke(NativeMethodAccessorImpl.java:62)
at java.base/jdk.internal.reflect.DelegatingMethodAccessorImpl.invoke(DelegatingMethodAccessorImpl.java:43)
at java.base/java.lang.reflect.Method.invoke(Method.java:564)
at org.testng.internal.MethodInvocationHelper.invokeMethod(MethodInvocationHelper.java:132)
at org.testng.internal.TestInvoker.invokeMethod(TestInvoker.java:599)
at org.testng.internal.TestInvoker.invokeTestMethod(TestInvoker.java:174)
at org.testng.internal.MethodRunner.runInSequence(MethodRunner.java:46)
at org.testng.internal.TestInvoker$MethodInvocationAgent.invoke(TestInvoker.java:822)
at org.testng.internal.TestInvoker.invokeTestMethods(TestInvoker.java:147)
at org.testng.internal.TestMethodWorker.invokeTestMethods(TestMethodWorker.java:146)
at org.testng.internal.TestMethodWorker.run(TestMethodWorker.java:128)
at java.base/java.util.ArrayList.forEach(ArrayList.java:1511)
at org.testng.TestRunner.privateRun(TestRunner.java:764)
at org.testng.TestRunner.run(TestRunner.java:585)
at org.testng.SuiteRunner.runTest(SuiteRunner.java:384)
at org.testng.SuiteRunner.runSequentially(SuiteRunner.java:378)
at org.testng.SuiteRunner.privateRun(SuiteRunner.java:337)
at org.testng.SuiteRunner.run(SuiteRunner.java:286)
at org.testng.SuiteRunnerWorker.runSuite(SuiteRunnerWorker.java:53)
at org.testng.SuiteRunnerWorker.run(SuiteRunnerWorker.java:96)
at org.testng.TestNG.runSuitesSequentially(TestNG.java:1218)
at org.testng.TestNG.runSuitesLocally(TestNG.java:1140)
at org.testng.TestNG.runSuites(TestNG.java:1069)
at org.testng.TestNG.run(TestNG.java:1037)
at org.testng.remote.AbstractRemoteTestNG.run(AbstractRemoteTestNG.java:115)
at org.testng.remote.RemoteTestNG.initAndRun(RemoteTestNG.java:251)
at org.testng.remote.RemoteTestNG.main(RemoteTestNG.java:77)
Caused by: org.openqa.selenium.TimeoutException: Expected condition failed: waiting for element found by By.xpath: .//li[@class="nav-item"]/div[@class="nav-link active"]/span[@class="ng-scope"] to have text ". Ready". Current text: ". In progress" (tried for 60 second(s) with 500 milliseconds interval)
Build info: version: '3.141.59', revision: 'e82be7d358', time: '2018-11-14T08:17:03'
System info: host: 'DESKTOP-FNFFNO2', ip: '192.168.0.173', os.name: 'Windows 10', os.arch: 'amd64', os.version: '10.0', java.version: '14.0.2'
Driver info: org.openqa.selenium.chrome.ChromeDriver
Capabilities {acceptInsecureCerts: false, browserName: chrome, browserVersion: 86.0.4240.75, chrome: {chromedriverVersion: 85.0.4183.87 (cd6713ebf92fa..., userDataDir: C:\Users\Abhi\AppData\Local...}, goog:chromeOptions: {debuggerAddress: localhost:52103}, javascriptEnabled: true, networkConnectionEnabled: false, pageLoadStrategy: normal, platform: WINDOWS, platformName: WINDOWS, proxy: Proxy(), setWindowRect: true, strictFileInteractability: false, timeouts: {implicit: 0, pageLoad: 300000, script: 30000}, unhandledPromptBehavior: dismiss and notify, webauthn:virtualAuthenticators: true}
Session ID: 66918f99fd36c0ebb613f9c7a2321c23
at org.openqa.selenium.support.ui.WebDriverWait.timeoutException(WebDriverWait.java:95)
at org.openqa.selenium.support.ui.FluentWait.until(FluentWait.java:272)
at solar_Battery_Charger.SolarBatteryCharger.configTest(SolarBatteryCharger.java:292)
... 28 more
]]>
            </full-stacktrace>
          </exception> <!-- java.lang.RuntimeException -->
          <reporter-output>
          </reporter-output>
        </test-method> <!-- configTest -->
        <test-method is-config="true" signature="destroy()[pri:0, instance:solar_Battery_Charger.SolarBatteryCharger@3738449f]" started-at="2020-10-15T18:24:25 IST" name="destroy" finished-at="2020-10-15T18:24:25 IST" duration-ms="204" status="PASS">
          <reporter-output>
          </reporter-output>
        </test-method> <!-- destroy -->
      </class> <!-- solar_Battery_Charger.SolarBatteryCharger -->
    </test> <!-- Default test -->
  </suite> <!-- Default suite -->
</testng-results>
